<?xml version="1.0" encoding="UTF-8"?>
<coverage generated="1777043703753" clover="3.2.0">
  <project timestamp="1777043703753" name="All files">
    <metrics statements="12" coveredstatements="9" conditionals="4" coveredconditionals="2" methods="3" coveredmethods="2" elements="19" coveredelements="13" complexity="0" loc="12" ncloc="12" packages="2" files="2" classes="2"/>
    <package name="errors">
      <metrics statements="1" coveredstatements="0" conditionals="0" coveredconditionals="0" methods="1" coveredmethods="0"/>
      <file name="invalid-credentials-error.ts" path="C:\Users\athos\OneDrive\Área de Trabalho\ATHOS\inJunior\trilhasBack\quartaSemana\NodeJS_2\src\use-case\errors\invalid-credentials-error.ts">
        <metrics statements="1" coveredstatements="0" conditionals="0" coveredconditionals="0" methods="1" coveredmethods="0"/>
        <line num="3" count="0" type="stmt"/>
      </file>
    </package>
    <package name="user">
      <metrics statements="11" coveredstatements="9" conditionals="4" coveredconditionals="2" methods="2" coveredmethods="2"/>
      <file name="authenticate.ts" path="C:\Users\athos\OneDrive\Área de Trabalho\ATHOS\inJunior\trilhasBack\quartaSemana\NodeJS_2\src\use-case\user\authenticate.ts">
        <metrics statements="11" coveredstatements="9" conditionals="4" coveredconditionals="2" methods="2" coveredmethods="2"/>
        <line num="25" count="1" type="stmt"/>
        <line num="26" count="1" type="stmt"/>
        <line num="27" count="1" type="stmt"/>
        <line num="34" count="1" type="stmt"/>
        <line num="36" count="1" type="cond" truecount="1" falsecount="1"/>
        <line num="37" count="0" type="stmt"/>
        <line num="40" count="1" type="stmt"/>
        <line num="45" count="1" type="cond" truecount="1" falsecount="1"/>
        <line num="46" count="0" type="stmt"/>
        <line num="49" count="1" type="stmt"/>
        <line num="54" count="1" type="stmt"/>
      </file>
    </package>
  </project>
</coverage>
