{"C:\\Users\\athos\\OneDrive\\Área de Trabalho\\ATHOS\\inJunior\\trilhasBack\\quartaSemana\\NodeJS_2\\src\\use-case\\errors\\invalid-credentials-error.ts": {"path":"C:\\Users\\athos\\OneDrive\\Área de Trabalho\\ATHOS\\inJunior\\trilhasBack\\quartaSemana\\NodeJS_2\\src\\use-case\\errors\\invalid-credentials-error.ts","statementMap":{"0":{"start":{"line":3,"column":4},"end":{"line":3,"column":null}}},"fnMap":{"0":{"name":"(anonymous_0)","decl":{"start":{"line":2,"column":2},"end":{"line":2,"column":16}},"loc":{"start":{"line":2,"column":16},"end":{"line":3,"column":null}},"line":2}},"branchMap":{},"s":{"0":0},"f":{"0":0},"b":{},"meta":{"lastBranch":0,"lastFunction":1,"lastStatement":1,"seen":{"f:2:2:2:16":0,"s:3:4:3:Infinity":0}}}
,"C:\\Users\\athos\\OneDrive\\Área de Trabalho\\ATHOS\\inJunior\\trilhasBack\\quartaSemana\\NodeJS_2\\src\\use-case\\user\\authenticate.ts": {"path":"C:\\Users\\athos\\OneDrive\\Área de Trabalho\\ATHOS\\inJunior\\trilhasBack\\quartaSemana\\NodeJS_2\\src\\use-case\\user\\authenticate.ts","statementMap":{"0":{"start":{"line":25,"column":12},"end":{"line":25,"column":null}},"1":{"start":{"line":26,"column":12},"end":{"line":26,"column":null}},"2":{"start":{"line":27,"column":12},"end":{"line":27,"column":null}},"3":{"start":{"line":34,"column":17},"end":{"line":34,"column":62}},"4":{"start":{"line":36,"column":4},"end":{"line":37,"column":null}},"5":{"start":{"line":37,"column":6},"end":{"line":37,"column":null}},"6":{"start":{"line":40,"column":26},"end":{"line":42,"column":null}},"7":{"start":{"line":45,"column":4},"end":{"line":46,"column":null}},"8":{"start":{"line":46,"column":6},"end":{"line":46,"column":null}},"9":{"start":{"line":49,"column":18},"end":{"line":52,"column":6}},"10":{"start":{"line":54,"column":4},"end":{"line":54,"column":null}}},"fnMap":{"0":{"name":"(anonymous_0)","decl":{"start":{"line":24,"column":2},"end":{"line":24,"column":null}},"loc":{"start":{"line":28,"column":4},"end":{"line":27,"column":null}},"line":28},"1":{"name":"(anonymous_1)","decl":{"start":{"line":30,"column":8},"end":{"line":30,"column":16}},"loc":{"start":{"line":33,"column":79},"end":{"line":54,"column":null}},"line":33}},"branchMap":{"0":{"loc":{"start":{"line":36,"column":4},"end":{"line":37,"column":null}},"type":"if","locations":[{"start":{"line":36,"column":4},"end":{"line":37,"column":null}},{"start":{},"end":{}}],"line":36},"1":{"loc":{"start":{"line":45,"column":4},"end":{"line":46,"column":null}},"type":"if","locations":[{"start":{"line":45,"column":4},"end":{"line":46,"column":null}},{"start":{},"end":{}}],"line":45}},"s":{"0":1,"1":1,"2":1,"3":1,"4":1,"5":0,"6":1,"7":1,"8":0,"9":1,"10":1},"f":{"0":1,"1":1},"b":{"0":[0,1],"1":[0,1]},"meta":{"lastBranch":2,"lastFunction":2,"lastStatement":11,"seen":{"f:24:2:24:Infinity":0,"s:25:12:25:Infinity":0,"s:26:12:26:Infinity":1,"s:27:12:27:Infinity":2,"f:30:8:30:16":1,"s:34:17:34:62":3,"b:36:4:37:Infinity:undefined:undefined:undefined:undefined":0,"s:36:4:37:Infinity":4,"s:37:6:37:Infinity":5,"s:40:26:42:Infinity":6,"b:45:4:46:Infinity:undefined:undefined:undefined:undefined":1,"s:45:4:46:Infinity":7,"s:46:6:46:Infinity":8,"s:49:18:52:6":9,"s:54:4:54:Infinity":10}}}
}
